#Nnodes    Message_size Best_Algorithm  Best_Latency         Ref_Algorithm   Ref_Latency          Speedup
2          1            basic_linear    64.33(0.94)          tuned           107.78(0.61)         1.68
2          2            basic_linear    64.26(0.92)          tuned           109.06(2.10)         1.70
2          4            basic_linear    64.33(1.02)          tuned           108.09(0.88)         1.68
2          8            basic_linear    64.44(1.03)          tuned           110.98(3.14)         1.72
2          16           basic_linear    64.43(0.96)          tuned           108.27(0.82)         1.68
2          32           basic_linear    64.51(1.05)          tuned           110.56(1.38)         1.71
2          64           basic_linear    64.54(0.94)          tuned           109.89(2.90)         1.70
2          128          basic_linear    64.61(1.00)          tuned           111.35(1.47)         1.72
2          256          basic_linear    64.30(0.96)          tuned           112.45(0.56)         1.75
2          512          basic_linear    65.16(1.36)          tuned           118.95(10.18)        1.83
2          1024         basic_linear    68.07(1.16)          tuned           115.87(2.65)         1.70
2          2048         basic_linear    70.81(0.70)          tuned           125.91(2.78)         1.78
2          4096         basic_linear    77.74(1.67)          tuned           146.51(2.12)         1.88
2          8192         basic_linear    89.73(3.55)          tuned           2631.24(41.25)       29.32
2          16384        binomial        296.70(1.92)         tuned           2844.87(16.34)       9.59
2          32768        binomial        483.26(5.06)         tuned           3123.00(24.92)       6.46
2          65536        binomial        863.69(14.29)        tuned           3343.68(76.55)       3.87
2          131072       binomial        1538.99(2.25)        tuned           7362.30(86.58)       4.78
2          262144       binomial        3186.80(40.60)       tuned           8404.07(39.41)       2.64
2          524288       binomial        6755.31(73.28)       tuned           10505.41(101.83)     1.56
2          1048576      binomial        13673.80(194.61)     tuned           16811.91(92.02)      1.23
4          1            basic_linear    65.38(1.09)          tuned           110.19(2.19)         1.69
4          2            basic_linear    65.44(1.16)          tuned           111.01(1.79)         1.70
4          4            basic_linear    65.63(1.05)          tuned           110.55(0.85)         1.68
4          8            basic_linear    65.65(1.13)          tuned           110.79(0.25)         1.69
4          16           basic_linear    65.75(1.04)          tuned           111.09(0.39)         1.69
4          32           basic_linear    65.74(1.18)          tuned           111.75(3.08)         1.70
4          64           basic_linear    65.75(1.21)          tuned           112.60(2.00)         1.71
4          128          basic_linear    65.83(1.20)          tuned           112.44(0.75)         1.71
4          256          basic_linear    65.82(1.30)          tuned           113.70(0.62)         1.73
4          512          basic_linear    65.40(1.28)          tuned           117.02(0.25)         1.79
4          1024         basic_linear    66.45(1.33)          tuned           121.27(0.66)         1.82
4          2048         basic_linear    68.10(1.32)          tuned           131.03(1.19)         1.92
4          4096         basic_linear    71.80(1.36)          tuned           152.68(3.00)         2.13
4          8192         basic_linear    83.80(2.17)          tuned           5358.71(68.28)       63.94
4          16384        binomial        306.96(3.99)         tuned           5675.37(71.55)       18.49
4          32768        binomial        491.32(6.64)         tuned           6064.65(77.71)       12.34
4          65536        binomial        856.19(11.65)        tuned           6584.79(111.28)      7.69
4          131072       binomial        1704.53(17.58)       tuned           14826.52(205.44)     8.70
4          262144       binomial        3451.07(15.30)       tuned           17468.97(1185.05)    5.06
4          524288       binomial        7211.99(46.84)       tuned           23741.20(2836.86)    3.29
4          1048576      binomial        14517.31(68.26)      tuned           38819.23(5595.69)    2.67
