#Nnodes    Message_size basic_linear         binomial             linear_sync          tuned
2          1            64.33(0.94)          107.24(0.83)         2393.96(35.23)       107.78(0.61)
2          2            64.26(0.92)          107.92(1.01)         2404.47(20.15)       109.06(2.10)
2          4            64.33(1.02)          107.69(0.90)         2403.01(16.61)       108.09(0.88)
2          8            64.44(1.03)          108.76(0.48)         2396.28(23.40)       110.98(3.14)
2          16           64.43(0.96)          108.11(1.06)         2399.19(19.12)       108.27(0.82)
2          32           64.51(1.05)          108.24(0.93)         2412.75(5.18)        110.56(1.38)
2          64           64.54(0.94)          109.71(1.69)         2402.85(22.80)       109.89(2.90)
2          128          64.61(1.00)          111.87(1.47)         2409.91(28.11)       111.35(1.47)
2          256          64.30(0.96)          112.78(1.20)         2434.47(40.71)       112.45(0.56)
2          512          65.16(1.36)          113.22(1.64)         2431.88(30.77)       118.95(10.18)
2          1024         68.07(1.16)          115.55(1.78)         2467.30(35.85)       115.87(2.65)
2          2048         70.81(0.70)          123.68(1.93)         2518.10(56.40)       125.91(2.78)
2          4096         77.74(1.67)          146.95(0.94)         2604.91(40.00)       146.51(2.12)
2          8192         89.73(3.55)          193.61(3.90)         2804.14(53.15)       2631.24(41.25)
2          16384        2997.93(43.47)       296.70(1.92)         5401.55(40.91)       2844.87(16.34)
2          32768        3531.74(117.47)      483.26(5.06)         5927.12(41.71)       3123.00(24.92)
2          65536        4422.75(113.60)      863.69(14.29)        6819.12(76.04)       3343.68(76.55)
2          131072       6145.75(201.36)      1538.99(2.25)        8422.59(142.77)      7362.30(86.58)
2          262144       10163.99(269.49)     3186.80(40.60)       12565.03(264.98)     8404.07(39.41)
2          524288       19621.78(964.76)     6755.31(73.28)       22206.02(638.06)     10505.41(101.83)
2          1048576      38726.77(1889.05)    13673.80(194.61)     41102.39(1404.08)    16811.91(92.02)
4          1            65.38(1.09)          109.52(1.94)         4883.00(54.76)       110.19(2.19)
4          2            65.44(1.16)          110.90(1.22)         4892.51(55.40)       111.01(1.79)
4          4            65.63(1.05)          111.34(2.70)         4886.88(47.09)       110.55(0.85)
4          8            65.65(1.13)          110.94(1.41)         4858.76(51.12)       110.79(0.25)
4          16           65.75(1.04)          114.19(3.17)         4894.00(78.31)       111.09(0.39)
4          32           65.74(1.18)          110.25(1.46)         4889.06(56.46)       111.75(3.08)
4          64           65.75(1.21)          111.58(1.36)         4877.59(37.21)       112.60(2.00)
4          128          65.83(1.20)          115.99(5.76)         4912.76(82.60)       112.44(0.75)
4          256          65.82(1.30)          113.27(2.27)         4937.47(79.72)       113.70(0.62)
4          512          65.40(1.28)          116.56(1.20)         4968.89(109.06)      117.02(0.25)
4          1024         66.45(1.33)          122.77(1.76)         5019.80(84.99)       121.27(0.66)
4          2048         68.10(1.32)          131.81(4.24)         5143.82(73.83)       131.03(1.19)
4          4096         71.80(1.36)          152.33(2.43)         5315.91(87.16)       152.68(3.00)
4          8192         83.80(2.17)          198.52(2.71)         5751.01(100.80)      5358.71(68.28)
4          16384        7968.81(3057.89)     306.96(3.99)         11099.51(215.64)     5675.37(71.55)
4          32768        7279.70(75.11)       491.32(6.64)         12089.84(219.95)     6064.65(77.71)
4          65536        9088.52(47.50)       856.19(11.65)        13853.64(208.89)     6584.79(111.28)
4          131072       12383.02(92.09)      1704.53(17.58)       17079.80(572.23)     14826.52(205.44)
4          262144       19483.96(104.11)     3451.07(15.30)       25061.07(710.50)     17468.97(1185.05)
4          524288       37216.18(152.67)     7211.99(46.84)       43518.14(1646.85)    23741.20(2836.86)
4          1048576      73337.21(217.63)     14517.31(68.26)      80318.38(3553.80)    38819.23(5595.69)
